<?xml version="1.0" encoding="UTF-8"?>
<!-- Generated by org.testng.reporters.JUnitXMLReporter -->
<testsuite ignored="0" hostname="DESKTOP-9THL6PP" failures="0" tests="11" name="Test" time="32.428" errors="0" timestamp="2021-11-27T20:31:32 EET">
  <testcase classname="testPackage.taskTest" name="navigateToUrl" time="4.221"/>
  <testcase classname="testPackage.taskTest" name="clickSignIn" time="2.007"/>
  <testcase classname="testPackage.taskTest" name="clickSignUp" time="0.14"/>
  <testcase classname="testPackage.taskTest" name="createNewUser" time="4.193"/>
  <testcase classname="testPackage.taskTest" name="assertAccountAuthenticated" time="0.046"/>
  <testcase classname="testPackage.taskTest" name="selectBlouseWomen" time="2.282"/>
  <testcase classname="testPackage.taskTest" name="addBlouseToCart" time="0.216"/>
  <testcase classname="testPackage.taskTest" name="carryCheckoutProcess" time="13.344"/>
  <testcase classname="testPackage.taskTest" name="getOrderRef" time="0.036"/>
  <testcase classname="testPackage.taskTest" name="goToOrdersPage" time="2.317"/>
  <testcase classname="testPackage.taskTest" name="assertOrderFromOrderHistory" time="0.034"/>
</testsuite> <!-- Test -->
